6828 decimal is XXX octal!
Physical memory: 66556K available, base = 640K, extended = 65532K
page_alloc_check() succeeded!
page_check() succeeded!
boot_mem_check() succeeded!
enabled interrupts: 1 2 4
	Setup timer interrupts via 8259A
enabled interrupts: 0 1 2 4
	unmasked timer interrupt
[00000000] new env 00001000
i am parent environment 00001000
(unknown program): user panic at lib/spawn.c:92: spawn unimplemented!
Welcome to the JOS kernel monitor!
Type 'help' for a list of commands.
TRAP frame at 0xf020b014
  edi  0x00000000
  esi  0x00000000
  ebp  0xeeffdf50
  oesp 0xefffffdc
  ebx  0x00000000
  edx  0xeeffde08
  ecx  0x00000001
  eax  0x00000001
  es   0x----0023
  ds   0x----0023
  trap 0x00000003 Breakpoint
  err  0x00000000
  eip  0x00800168
  cs   0x----001b
  flag 0x00000096
  esp  0xeeffdf38
  ss   0x----0023
K> Welcome to the JOS kernel monitor (NOT)
